--------------------------------------------------------------------------------
Release 9.1i Trace 
Copyright (c) 1995-2007 Xilinx, Inc.  All rights reserved.

C:\Xilinx91i\bin\nt\trce.exe -ise C:/Xilinx91i/sixty/sixty.ise -intstyle ise -e
3 -s 6 -xml sixty sixty.ncd -o sixty.twr sixty.pcf -ucf sixty.ucf

Design file:              sixty.ncd
Physical constraint file: sixty.pcf
Device,package,speed:     xc2s200,pq208,-6 (PRODUCTION 1.27 2006-10-19)
Report level:             error report

Environment Variable      Effect 
--------------------      ------ 
NONE                      No environment variables were set
--------------------------------------------------------------------------------

INFO:Timing:2698 - No timing constraints found, doing default enumeration.
INFO:Timing:2752 - To get complete path coverage, use the unconstrained paths 
   option. All paths that are not constrained will be reported in the 
   unconstrained paths section(s) of the report.
INFO:Timing:3339 - The clock-to-out numbers in this timing report are based on 
   a 50 Ohm transmission line loading model.  For the details of this model, 
   and for more information on accounting for different loading conditions, 
   please see the device datasheet.



Data Sheet report:
-----------------
All values displayed in nanoseconds (ns)

Clock to Setup on destination clock clk
---------------+---------+---------+---------+---------+
               | Src:Rise| Src:Fall| Src:Rise| Src:Fall|
Source Clock   |Dest:Rise|Dest:Rise|Dest:Fall|Dest:Fall|
---------------+---------+---------+---------+---------+
clk            |    6.158|         |         |         |
---------------+---------+---------+---------+---------+


Analysis completed Wed Nov 05 13:49:43 2014
--------------------------------------------------------------------------------

Trace Settings:
-------------------------
Trace Settings 

Peak Memory Usage: 82 MB



