1		0000		        		ORG 0
2		0000		        		DD:
3		0000		3C01			MOV R4,#1
4		0002		3D20			MOV R5,#20H
5		0004		3E30			MOV R6,#30H
6		0006		3F40			MOV R7,#40H
7		0008		        		D0:
8		0008		3000			MOV A,#0
9		000A		08			MOV R0,A
10		000B		300A			MOV A,#10
11		000D		09			MOV R1,A
12		000E		        		D1:
13		000E		05			MOV A,R5
14		000F		29			SUB A,R1
15		0010		50001A		JC D2
16		0013		0D			MOV R5,A
17		0014		06			MOV A,R6
18		0015		24			ADD  A,R4
19		0016		0E			MOV R6,A
20		0017		58000E		JMP D1
21		001A		        		D2:
22		001A		06			MOV A,R6
23		001B		29			SUB A,R1
24		001C		500026		JC D3
25		001F		0E			MOV R6,A
26		0020		07			MOV A,R7
27		0021		24			ADD A,R4
28		0022		0F			MOV R7,A
29		0023		58001A		JMP D2
30		0026		        		D3:
31		0026		07			MOV A,R7
32		0027		29			SUB A,R1
33		0028		500032		JC P0
34		002B		0F			MOV R7,A
35		002C		00			MOV A,R0
36		002D		24			ADD A,R4
37		002E		08			MOV R0,A
38		002F		580026		JMP D3
39		0032		        		P0:
40		0032		00			MOV A,R0
41		0033		2C			SUB A,R4
42		0034		500058		JC P1
43		0037		05			MOV A,R5
44		0038		488002		STA 8002H
45		003B		        		P01:
46		003B		68003B		JPB P01
47		003E		06			MOV A,R6
48		003F		488002		STA 8002H
49		0042		        		P02:
50		0042		680042		JPB P02
51		0045		07			MOV  A,R7
52		0046		488002		STA 8002H
53		0049		        		P03:
54		0049		680049		JPB P03
55		004C		3010			MOV A,#10H
56		004E		20			ADD A,R0
57		004F		488002		STA 8002H
58		0052		        		P04:
59		0052		680052		JPB P04
60		0055		580000		JMP DD
61		0058		        		P1:
62		0058		07			MOV A,R7
63		0059		2C			SUB A,R4
64		005A		500077		JC P2
65		005D		05			MOV A,R5
66		005E		488002		STA  8002H
67		0061		        		P11:
68		0061		680061		JPB P11
69		0064		06			MOV A,R6
70		0065		488002		STA 8002H
71		0068		        		P12:
72		0068		680068		JPB P12
73		006B		3010			MOV  A,#10H
74		006D		27			ADD A,R7
75		006E		488002		STA 8002H
76		0071		        		P13:
77		0071		680071		JPB P13
78		0074		580000		JMP DD
79		0077		        		P2:
80		0077		06			MOV A,R6
81		0078		2C			SUB A,R4
82		0079		50008F		JC P3
83		007C		05			MOV A,R5
84		007D		488002		STA 8002H
85		0080		        		P21:
86		0080		680080		JPB  P21
87		0083		3010			MOV A,#10H
88		0085		26			ADD A,R6
89		0086		488002		STA 8002H
90		0089		        		P22:
91		0089		680089		JPB P22
92		008C		580000		JMP DD
93		008F		        		P3:
94		008F		3010			MOV A,#10H
95		0091		25			ADD A,R5
96		0092		488002		STA 8002H
97		0095		        		P31:
98		0095		680095		JPB P31
99		0098		580000		JMP  DD
