1		0000		        		ORG 0
2		0000		        		MM:
3		0000		3801			MOV R0,#1
4		0002		3901			MOV R1,#1
5		0004		3A01			MOV R2,#1
6		0006		3B01			MOV R3,#1
7		0008		        		M0:
8		0008		3701			MOV A,#1
9		000A		0C			MOV R4,A
10		000B		3700			MOV A,#0
11		000D		0D			MOV R5,A
12		000E		3700			MOV A,#0
13		0010		0E			MOV R6,A
14		0011		3700			MOV A,#0
15		0013		0F			MOV R7,A
16		0014		        		M1:
17		0014		03			MOV A,R3
18		0015		2C			SUB A,R4
19		0016		BF0023		JC M2
20		0019		0B			MOV R3,A
21		001A		05			MOV A,R5
22		001B		21			ADD A,R1
23		001C		0D			MOV R5,A
24		001D		06			MOV A,R6
25		001E		20			ADD  A,R0
26		001F		0E			MOV R6,A
27		0020		570014		JMP M1
28		0023		        		M2:
29		0023		02			MOV A,R2
30		0024		2C			SUB A,R4
31		0025		BF0000		JC MM
32		0028		0A			MOV  R2,A
33		0029		06			MOV A,R6
34		002A		21			ADD A,R1
35		002B		0E			MOV R6,A
36		002C		07			MOV A,R7
37		002D		20			ADD A,R0
38		002E		0F			MOV R7,A
39		002F		570023		JMP M2
