1		0000		        		ORG 0
2		0000		        		D0:
3		0000		3C01			MOV R4,#1
4		0002		3D20			MOV R5,#20H
5		0004		3E30			MOV R6,#30H
6		0006		3F40			MOV R7 ,#40H
7		0008		3000			MOV A,#0
8		000A		08			MOV R0,A
9		000B		300A			MOV A,#10
10		000D		09			MOV R1,A
11		000E		        		D1:
12		000E		05			MOV A,R5
13		000F		29			SUB A,R1
14		0010		50001A		JC D2
15		0013		0D			MOV R5,A
16		0014		06			MOV A,R6
17		0015		24			ADD  A,R4
18		0016		0E			MOV R6,A
19		0017		58000E		JMP D1
20		001A		        		D2:
21		001A		06			MOV A,R6
22		001B		29			SUB A,R1
23		001C		500026		JC D3
24		001F		0E			MOV R6,A
25		0020		07			MOV A,R7
26		0021		24			ADD A,R4
27		0022		0F			MOV R7,A
28		0023		58001A		JMP D2
29		0026		        		D3:
30		0026		07			MOV A,R7
31		0027		29			SUB A,R1
32		0028		500032		JC P0
33		002B		0F			MOV R7,A
34		002C		00			MOV A,R0
35		002D		24			ADD A,R4
36		002E		0F			MOV R7,A
37		002F		580026		JMP D3
38		0032		        		P0:
39		0032		00			MOV A,R0
40		0033		2C			SUB A,R4
41		0034		500056		JC P1
42		0037		05			MOV A,R5
43		0038		488002		STA 8002H
44		003B		        		P01:
45		003B		68003B		JPB P01
46		003E		06			MOV A,R6
47		003F		488002		STA 8002H
48		0042		        		P02:
49		0042		680042		JPB P02
50		0045		07			MOV  A,R7
51		0046		488002		STA 8002H
52		0049		        		P03:
53		0049		680049		JPB P03
54		004C		00			MOV A,R0
55		004D		488002		STA 8002H
56		0050		        		P04:
57		0050		680050		JPB P04
58		0053		580000		JMP D0
59		0056		        		P1:
60		0056		07			MOV A,R7
61		0057		2C			SUB A,R4
62		0058		500073		JC P2
63		005B		05			MOV A,R5
64		005C		488002		STA  8002H
65		005F		        		P11:
66		005F		68005F		JPB P11
67		0062		06			MOV A,R6
68		0063		488002		STA 8002H
69		0066		        		P12:
70		0066		680066		JPB P12
71		0069		07			MOV  A,R7
72		006A		488002		STA 8002H
73		006D		        		P13:
74		006D		68006D		JPB P13
75		0070		580000		JMP D0
76		0073		        		P2:
77		0073		06			MOV A,R6
78		0074		2C			SUB A,R4
79		0075		500089		JC P3
80		0078		05			MOV A,R5
81		0079		488002		STA 8002H
82		007C		        		P21:
83		007C		68007C		JPB  P21
84		007F		06			MOV A,R6
85		0080		488002		STA 8002H
86		0083		        		P22:
87		0083		680083		JPB P22
88		0086		580000		JMP D0
89		0089		        		P3:
90		0089		05			MOV A,R5
91		008A		488002		STA 8002H
92		008D		        		P31:
93		008D		68008D		JPB P31
94		0090		580000		JMP D0
