1		0000		        		ORG 0
2		0000		        		START:
3		0000		        		IN0:
4		0000		600000		JKB IN0
5		0003		408001		LDA 8001H
6		0006		08			MOV R0,A
7		0007		        		IN1:
8		0007		600007		JKB IN1
9		000A		408001		LDA 8001H
10		000D		09			MOV R1,A
11		000E		        		IN2:
12		000E		60000E		JKB IN2
13		0011		408001		LDA 8001H
14		0014		0A			MOV R2,A
15		0015		        		IN3:
16		0015		600015		JKB IN3
17		0018		408001		LDA 8001H
18		001B		0B			MOV R3,A
19		001C		        		PRINT:
20		001C		3004			MOV A,#4
21		001E		488002		STA 8002H
22		0021		        		P1:
23		0021		680021		JPB P1
24		0024		300A			MOV A,#0AH
25		0026		488002		STA 8002H
26		0029		        		P2:
27		0029		680029		JPB P2
28		002C		01			MOV A,R1
29		002D		488002		STA 8002H
30		0030		        		P3:
31		0030		680030		JPB P3
32		0033		3010			MOV A,#10H
33		0035		20			ADD A,R0
34		0036		488002		STA 8002H
35		0039		        		P4:
36		0039		680039		JPB P4
37		003C		3009			MOV A,#9
38		003E		488002		STA 8002H
39		0041		        		P11:
40		0041		680041		JPB P11
41		0044		300A			MOV A,#0AH
42		0046		488002		STA 8002H
43		0049		        		P22:
44		0049		680049		JPB P22
45		004C		03			MOV A,R3
46		004D		488002		STA 8002H
47		0050		        		P33:
48		0050		680050		JPB P33
49		0053		3010			MOV A,#10H
50		0055		22			ADD A,R2
51		0056		488002		STA 8002H
52		0059		        		P44:
53		0059		680059		JPB P44
54		005C		300A			MOV A,#0AH
55		005E		488002		STA 8002H
56		0061		        		PP5:
57		0061		680061		JPB PP5
58		0064		488002		STA 8002H
59		0067		        		PP6:
60		0067		680067		JPB PP6
